<?xml version="1.0" encoding="UTF-8"?>
<!-- Generated by org.testng.reporters.JUnitReportReporter -->
<testsuite hostname="DESKTOP-THPO1QF" failures="0" tests="1" name="com.eBankinSite.testdata.TC_LoginTest_001" time="48.543" errors="0" timestamp="2023-11-20T20:23:23 IST" skipped="0">
  <testcase classname="com.eBankinSite.testdata.TC_LoginTest_001" name="loginTest" time="48.543"/>
</testsuite> <!-- com.eBankinSite.testdata.TC_LoginTest_001 -->
